<?xml version="1.0" encoding="UTF-8"?>
<!-- Generated by org.testng.reporters.JUnitXMLReporter -->
<testsuite ignored="0" hostname="HASSEN-HP" failures="1" tests="1" name="CRM PRO LandingPage" time="35.428" errors="0" timestamp="2022-08-22T12:39:25 EDT">
  <testcase classname="com.TestCases.FourTest" name="testFour" time="2.263">
    <failure type="java.lang.AssertionError" message="expected [true] but found [false]">
      <![CDATA[java.lang.AssertionError: expected [true] but found [false]
at com.TestCases.FourTest.testFour(FourTest.java:53)
at java.base/java.util.ArrayList.forEach(ArrayList.java:1540)
... Removed 31 stack frames]]>
    </failure>
  </testcase> <!-- testFour -->
</testsuite> <!-- CRM PRO LandingPage -->
