<?xml version="1.0" encoding="UTF-8"?>
<!-- Generated by org.testng.reporters.JUnitXMLReporter -->
<testsuite ignored="0" hostname="HASSEN-HP" failures="1" tests="2" name="CRM PRO LandingPage" time="84.893" errors="0" timestamp="2022-08-20T23:41:14 EDT">
  <testcase classname="com.TestCases.FourTest" name="testFour" time="3.981">
    <failure type="java.lang.AssertionError" message="expected [true] but found [false]">
      <![CDATA[java.lang.AssertionError: expected [true] but found [false]
at com.TestCases.FourTest.testFour(FourTest.java:53)
at java.base/java.util.ArrayList.forEach(ArrayList.java:1540)
... Removed 31 stack frames]]>
    </failure>
  </testcase> <!-- testFour -->
  <testcase classname="com.TestCases.FourTest" name="verifyBrokenImages" time="7.324"/>
</testsuite> <!-- CRM PRO LandingPage -->
