<?xml version="1.0" encoding="UTF-8"?>
<!-- Generated by org.testng.reporters.JUnitXMLReporter -->
<testsuite ignored="0" hostname="HASSEN-HP" failures="1" tests="3" name="CRM PRO LandingPage" time="107.434" errors="0" timestamp="2022-08-22T23:16:12 EDT">
  <testcase classname="com.TestCases.FourTest" name="testFourTest" time="2.042">
    <failure type="java.lang.AssertionError" message="expected [true] but found [false]">
      <![CDATA[java.lang.AssertionError: expected [true] but found [false]
at com.TestCases.FourTest.testFourTest(FourTest.java:65)
at java.base/java.util.ArrayList.forEach(ArrayList.java:1540)
... Removed 31 stack frames]]>
    </failure>
  </testcase> <!-- testFourTest -->
  <testcase classname="com.TestCases.FourTest" name="verifyBrokenImages" time="22.883"/>
  <testcase classname="com.TestCases.FourTest" name="verifyBrokenlinks" time="21.632"/>
</testsuite> <!-- CRM PRO LandingPage -->
