<?xml version="1.0" encoding="UTF-8"?>
<!-- Generated by org.testng.reporters.JUnitXMLReporter -->
<testsuite ignored="0" hostname="HASSEN-HP" failures="1" tests="1" name="CRM PRO LandingPage" time="26.369" errors="0" timestamp="2022-08-22T17:38:35 EDT">
  <testcase classname="com.TestCases.FourTest" name="testFour" time="0.015">
    <failure type="java.lang.NullPointerException">
      <![CDATA[java.lang.NullPointerException
at com.TestCases.FourTest.testFour(FourTest.java:44)
at java.base/java.util.ArrayList.forEach(ArrayList.java:1540)
... Removed 27 stack frames]]>
    </failure>
  </testcase> <!-- testFour -->
</testsuite> <!-- CRM PRO LandingPage -->
