<?xml version="1.0" encoding="UTF-8"?>
<!-- Generated by org.testng.reporters.JUnitXMLReporter -->
<testsuite ignored="0" hostname="HASSEN-HP" failures="1" tests="6" name="CRM PRO LandingPage" time="138.678" errors="0" timestamp="2022-08-20T15:29:33 EDT">
  <testcase classname="com.TestCases.LandingPageTest" name="verifyTitle" time="0.044"/>
  <testcase classname="com.TestCases.LandingPageTest" name="verifyCRMLogo" time="0.152"/>
  <testcase classname="com.TestCases.LandingPageTest" name="verifyUserName" time="0.068"/>
  <testcase classname="com.TestCases.LandingPageTest" name="verifyUserPassword" time="0.084"/>
  <testcase classname="com.TestCases.LandingPageTest" name="verifyLoginBtn" time="0.078"/>
  <testcase classname="com.TestCases.FourTest" name="testFour" time="2.228">
    <failure type="java.lang.AssertionError" message="expected [true] but found [false]">
      <![CDATA[java.lang.AssertionError: expected [true] but found [false]
at com.TestCases.FourTest.testFour(FourTest.java:44)
at java.base/java.util.ArrayList.forEach(ArrayList.java:1540)
... Removed 31 stack frames]]>
    </failure>
  </testcase> <!-- testFour -->
</testsuite> <!-- CRM PRO LandingPage -->
