<?xml version="1.0" encoding="UTF-8"?>
<!-- Generated by org.testng.reporters.JUnitXMLReporter -->
<testsuite ignored="0" hostname="HASSEN-HP" failures="2" tests="3" name="CRM PRO LandingPage" time="100.675" errors="0" timestamp="2022-08-21T18:38:13 EDT">
  <testcase classname="com.TestCases.FourTest" name="testFour" time="3.604">
    <failure type="java.lang.AssertionError" message="expected [true] but found [false]">
      <![CDATA[java.lang.AssertionError: expected [true] but found [false]
at com.TestCases.FourTest.testFour(FourTest.java:53)
at java.base/java.util.ArrayList.forEach(ArrayList.java:1540)
... Removed 31 stack frames]]>
    </failure>
  </testcase> <!-- testFour -->
  <testcase classname="com.TestCases.FourTest" name="verifyBrokenImages" time="9.957"/>
  <testcase classname="com.TestCases.FourTest" name="verifyBrokenlinks" time="0.004">
    <failure type="java.lang.NullPointerException">
      <![CDATA[java.lang.NullPointerException
at com.Utils.Brokenlinks.myBrokenLinks(Brokenlinks.java:25)
at com.TestCases.FourTest.verifyBrokenlinks(FourTest.java:72)
at java.base/java.util.ArrayList.forEach(ArrayList.java:1540)
... Removed 27 stack frames]]>
    </failure>
  </testcase> <!-- verifyBrokenlinks -->
</testsuite> <!-- CRM PRO LandingPage -->
