<?xml version="1.0" encoding="UTF-8"?>
<!-- Generated by org.testng.reporters.JUnitXMLReporter -->
<testsuite ignored="0" hostname="HASSEN-HP" failures="0" tests="1" name="Free CRM PRO Tests" time="25.218" errors="0" timestamp="2022-08-19T19:05:39 EDT">
  <testcase classname="com.TestCases.HomePageTest" name="@BeforeMethod setUp" time="24.865">
    <failure type="java.lang.NullPointerException">
      <![CDATA[java.lang.NullPointerException
at com.TestCases.HomePageTest.setUp(HomePageTest.java:31)
at java.base/java.util.ArrayList.forEach(ArrayList.java:1540)
... Removed 31 stack frames]]>
    </failure>
  </testcase> <!-- @BeforeMethod setUp -->
  <testcase classname="com.TestCases.HomePageTest" name="@AfterMethod tearDown" time="-1.660950339219E9">
    <skipped/>
  </testcase> <!-- @AfterMethod tearDown -->
  <testcase classname="com.TestCases.HomePageTest" name="HomePageTitleTest" time="0.0">
    <skipped/>
  </testcase> <!-- HomePageTitleTest -->
</testsuite> <!-- Free CRM PRO Tests -->
