<?xml version="1.0" encoding="UTF-8"?>
<!-- Generated by org.testng.reporters.JUnitXMLReporter -->
<testsuite ignored="0" hostname="HASSEN-HP" failures="3" tests="5" name="Free CRM PRO Tests" time="30.632" errors="0" timestamp="2022-08-18T12:46:55 EDT">
  <testcase classname="com.TestCases.FourTest" name="@AfterMethod closebrowser" time="0.0">
    <failure type="java.lang.NullPointerException">
      <![CDATA[java.lang.NullPointerException
at com.TestCases.FourTest.closebrowser(FourTest.java:35)
at java.base/java.util.ArrayList.forEach(ArrayList.java:1540)
... Removed 32 stack frames]]>
    </failure>
  </testcase> <!-- @AfterMethod closebrowser -->
  <testcase classname="com.TestCases.FourTest" name="@AfterMethod closebrowser" time="-1.660841215024E9">
    <skipped/>
  </testcase> <!-- @AfterMethod closebrowser -->
  <testcase classname="com.Base.BaseClass" name="@AfterClass tearDown" time="-1.660841215025E9">
    <skipped/>
  </testcase> <!-- @AfterClass tearDown -->
  <testcase classname="com.TestCases.HomePageTest" name="HomePageTitleTest" time="0.009">
    <failure type="java.lang.NullPointerException">
      <![CDATA[java.lang.NullPointerException
at com.TestCases.HomePageTest.HomePageTitleTest(HomePageTest.java:30)
at java.base/java.util.ArrayList.forEach(ArrayList.java:1540)
... Removed 27 stack frames]]>
    </failure>
  </testcase> <!-- HomePageTitleTest -->
  <testcase classname="com.TestCases.HomePageTest" name="CRMLogoImageTest" time="0.001">
    <failure type="java.lang.NullPointerException">
      <![CDATA[java.lang.NullPointerException
at com.TestCases.HomePageTest.CRMLogoImageTest(HomePageTest.java:37)
at java.base/java.util.ArrayList.forEach(ArrayList.java:1540)
... Removed 27 stack frames]]>
    </failure>
  </testcase> <!-- CRMLogoImageTest -->
  <testcase classname="com.TestCases.HomePageTest" name="verifyUserNameTest" time="0.001">
    <failure type="java.lang.NullPointerException">
      <![CDATA[java.lang.NullPointerException
at com.TestCases.HomePageTest.verifyUserNameTest(HomePageTest.java:44)
at java.base/java.util.ArrayList.forEach(ArrayList.java:1540)
... Removed 27 stack frames]]>
    </failure>
  </testcase> <!-- verifyUserNameTest -->
  <testcase classname="com.TestCases.FourTest" name="test2" time="3.008"/>
  <testcase classname="com.TestCases.FourTest" name="testFour" time="0.0">
    <skipped/>
  </testcase> <!-- testFour -->
</testsuite> <!-- Free CRM PRO Tests -->
