<?xml version="1.0" encoding="UTF-8"?>
<!-- Generated by org.testng.reporters.JUnitXMLReporter -->
<testsuite ignored="0" hostname="HASSEN-HP" failures="0" tests="4" name="Free CRM PRO Tests" time="10.813" errors="0" timestamp="2022-08-18T17:02:40 EDT">
  <testcase classname="com.Base.BaseClass" name="@BeforeClass initialization" time="4.226">
    <failure type="java.lang.NoClassDefFoundError" message="com/Utils/WebEventListener">
      <![CDATA[java.lang.NoClassDefFoundError: com/Utils/WebEventListener
at com.Base.BaseClass.initialization(BaseClass.java:61)
at java.base/java.util.ArrayList.forEach(ArrayList.java:1540)
Caused by: java.lang.ClassNotFoundException: com.Utils.WebEventListener
at java.base/jdk.internal.loader.BuiltinClassLoader.loadClass(BuiltinClassLoader.java:581)
at java.base/jdk.internal.loader.ClassLoaders$AppClassLoader.loadClass(ClassLoaders.java:178)
at java.base/java.lang.ClassLoader.loadClass(ClassLoader.java:522)
... 27 more
... Removed 25 stack frames]]>
    </failure>
  </testcase> <!-- @BeforeClass initialization -->
  <testcase classname="com.Base.BaseClass" name="@AfterClass tearDown" time="-1.660856554238E9">
    <skipped/>
  </testcase> <!-- @AfterClass tearDown -->
  <testcase classname="com.Base.BaseClass" name="@BeforeClass initialization" time="6.461">
    <failure type="java.lang.NoClassDefFoundError" message="com/Utils/WebEventListener">
      <![CDATA[java.lang.NoClassDefFoundError: com/Utils/WebEventListener
at com.Base.BaseClass.initialization(BaseClass.java:61)
at java.base/java.util.ArrayList.forEach(ArrayList.java:1540)
... Removed 25 stack frames]]>
    </failure>
  </testcase> <!-- @BeforeClass initialization -->
  <testcase classname="com.Base.BaseClass" name="@AfterClass tearDown" time="-1.660856560709E9">
    <skipped/>
  </testcase> <!-- @AfterClass tearDown -->
  <testcase classname="com.TestCases.HomePageTest" name="HomePageTitleTest" time="0.0">
    <skipped/>
  </testcase> <!-- HomePageTitleTest -->
  <testcase classname="com.TestCases.HomePageTest" name="CRMLogoImageTest" time="0.0">
    <skipped/>
  </testcase> <!-- CRMLogoImageTest -->
  <testcase classname="com.TestCases.HomePageTest" name="verifyUserNameTest" time="0.0">
    <skipped/>
  </testcase> <!-- verifyUserNameTest -->
  <testcase classname="com.TestCases.FourTest" name="testFour" time="0.0">
    <skipped/>
  </testcase> <!-- testFour -->
</testsuite> <!-- Free CRM PRO Tests -->
