<?xml version="1.0" encoding="UTF-8"?>
<!-- Generated by org.testng.reporters.JUnitXMLReporter -->
<testsuite ignored="0" hostname="HASSEN-HP" failures="3" tests="3" name="Free CRM PRO Tests" time="30.92" errors="0" timestamp="2022-08-17T17:29:51 EDT">
  <testcase classname="com.TestCases.HomePageTest" name="loginPageTitleTest" time="0.01">
    <failure type="java.lang.NullPointerException">
      <![CDATA[java.lang.NullPointerException
at com.TestCases.HomePageTest.loginPageTitleTest(HomePageTest.java:30)
at java.base/java.util.ArrayList.forEach(ArrayList.java:1540)
... Removed 27 stack frames]]>
    </failure>
  </testcase> <!-- loginPageTitleTest -->
  <testcase classname="com.TestCases.HomePageTest" name="CRMLogoImageTest" time="0.002">
    <failure type="java.lang.NullPointerException">
      <![CDATA[java.lang.NullPointerException
at com.TestCases.HomePageTest.CRMLogoImageTest(HomePageTest.java:37)
at java.base/java.util.ArrayList.forEach(ArrayList.java:1540)
... Removed 27 stack frames]]>
    </failure>
  </testcase> <!-- CRMLogoImageTest -->
  <testcase classname="com.TestCases.HomePageTest" name="verifyUserNameTest" time="0.003">
    <failure type="java.lang.NullPointerException">
      <![CDATA[java.lang.NullPointerException
at com.TestCases.HomePageTest.verifyUserNameTest(HomePageTest.java:44)
at java.base/java.util.ArrayList.forEach(ArrayList.java:1540)
... Removed 27 stack frames]]>
    </failure>
  </testcase> <!-- verifyUserNameTest -->
</testsuite> <!-- Free CRM PRO Tests -->
