<?xml version="1.0" encoding="UTF-8"?>
<testng-results ignored="0" total="1" passed="1" failed="0" skipped="0">
  <reporter-output>
  </reporter-output>
  <suite started-at="2022-08-21T20:14:05 EDT" name="Free CRM PRO Automation Test Suite" finished-at="2022-08-21T20:14:43 EDT" duration-ms="37680">
    <groups>
    </groups>
    <test started-at="2022-08-21T20:14:05 EDT" name="CRM PRO LandingPage" finished-at="2022-08-21T20:14:43 EDT" duration-ms="37680">
      <class name="com.TestCases.FourTest">
        <test-method is-config="true" signature="setUP()[pri:0, instance:com.TestCases.FourTest@3b8f0a79]" started-at="2022-08-21T20:14:05 EDT" name="setUP" finished-at="2022-08-21T20:14:25 EDT" duration-ms="19903" status="PASS">
          <reporter-output>
          </reporter-output>
        </test-method> <!-- setUP -->
        <test-method signature="verifyBrokenlinks()[pri:2, instance:com.TestCases.FourTest@3b8f0a79]" started-at="2022-08-21T20:14:25 EDT" name="verifyBrokenlinks" description="Find broken Links on a web page" finished-at="2022-08-21T20:14:38 EDT" duration-ms="12963" status="PASS">
          <reporter-output>
          </reporter-output>
        </test-method> <!-- verifyBrokenlinks -->
        <test-method is-config="true" signature="tearDown()[pri:0, instance:com.TestCases.FourTest@3b8f0a79]" started-at="2022-08-21T20:14:38 EDT" name="tearDown" finished-at="2022-08-21T20:14:43 EDT" duration-ms="4752" status="PASS">
          <reporter-output>
          </reporter-output>
        </test-method> <!-- tearDown -->
      </class> <!-- com.TestCases.FourTest -->
    </test> <!-- CRM PRO LandingPage -->
  </suite> <!-- Free CRM PRO Automation Test Suite -->
</testng-results>
