<?xml version="1.0" encoding="UTF-8"?>
<testng-results ignored="0" total="6" passed="5" failed="1" skipped="0">
  <reporter-output>
  </reporter-output>
  <suite started-at="2022-08-20T15:27:15 EDT" name="Free CRM PRO Automation Test Suite" finished-at="2022-08-20T15:29:33 EDT" duration-ms="138678">
    <groups>
    </groups>
    <test started-at="2022-08-20T15:27:15 EDT" name="CRM PRO LandingPage" finished-at="2022-08-20T15:29:33 EDT" duration-ms="138678">
      <class name="com.TestCases.LandingPageTest">
        <test-method is-config="true" signature="setUp()[pri:0, instance:com.TestCases.LandingPageTest@7fcf2fc1]" started-at="2022-08-20T15:27:15 EDT" name="setUp" finished-at="2022-08-20T15:27:33 EDT" duration-ms="18418" status="PASS">
          <reporter-output>
          </reporter-output>
        </test-method> <!-- setUp -->
        <test-method signature="verifyTitle()[pri:0, instance:com.TestCases.LandingPageTest@7fcf2fc1]" started-at="2022-08-20T15:27:33 EDT" name="verifyTitle" description="Verify Home Page Title" finished-at="2022-08-20T15:27:33 EDT" duration-ms="44" status="PASS">
          <reporter-output>
          </reporter-output>
        </test-method> <!-- verifyTitle -->
        <test-method is-config="true" signature="tearDown()[pri:0, instance:com.TestCases.LandingPageTest@7fcf2fc1]" started-at="2022-08-20T15:27:33 EDT" name="tearDown" finished-at="2022-08-20T15:27:35 EDT" duration-ms="1977" status="PASS">
          <reporter-output>
          </reporter-output>
        </test-method> <!-- tearDown -->
        <test-method is-config="true" signature="setUp()[pri:0, instance:com.TestCases.LandingPageTest@7fcf2fc1]" started-at="2022-08-20T15:27:35 EDT" name="setUp" finished-at="2022-08-20T15:27:54 EDT" duration-ms="18835" status="PASS">
          <reporter-output>
          </reporter-output>
        </test-method> <!-- setUp -->
        <test-method signature="verifyCRMLogo()[pri:1, instance:com.TestCases.LandingPageTest@7fcf2fc1]" started-at="2022-08-20T15:27:54 EDT" name="verifyCRMLogo" description="Verify CRM Logo Image is Present in Home Page" finished-at="2022-08-20T15:27:54 EDT" duration-ms="152" status="PASS">
          <reporter-output>
          </reporter-output>
        </test-method> <!-- verifyCRMLogo -->
        <test-method is-config="true" signature="tearDown()[pri:0, instance:com.TestCases.LandingPageTest@7fcf2fc1]" started-at="2022-08-20T15:27:54 EDT" name="tearDown" finished-at="2022-08-20T15:27:57 EDT" duration-ms="2775" status="PASS">
          <reporter-output>
          </reporter-output>
        </test-method> <!-- tearDown -->
        <test-method is-config="true" signature="setUp()[pri:0, instance:com.TestCases.LandingPageTest@7fcf2fc1]" started-at="2022-08-20T15:27:57 EDT" name="setUp" finished-at="2022-08-20T15:28:15 EDT" duration-ms="18572" status="PASS">
          <reporter-output>
          </reporter-output>
        </test-method> <!-- setUp -->
        <test-method signature="verifyUserName()[pri:2, instance:com.TestCases.LandingPageTest@7fcf2fc1]" started-at="2022-08-20T15:28:15 EDT" name="verifyUserName" description="Verify User name box is displayed" finished-at="2022-08-20T15:28:15 EDT" duration-ms="68" status="PASS">
          <reporter-output>
          </reporter-output>
        </test-method> <!-- verifyUserName -->
        <test-method is-config="true" signature="tearDown()[pri:0, instance:com.TestCases.LandingPageTest@7fcf2fc1]" started-at="2022-08-20T15:28:15 EDT" name="tearDown" finished-at="2022-08-20T15:28:19 EDT" duration-ms="3215" status="PASS">
          <reporter-output>
          </reporter-output>
        </test-method> <!-- tearDown -->
        <test-method is-config="true" signature="setUp()[pri:0, instance:com.TestCases.LandingPageTest@7fcf2fc1]" started-at="2022-08-20T15:28:19 EDT" name="setUp" finished-at="2022-08-20T15:28:37 EDT" duration-ms="18543" status="PASS">
          <reporter-output>
          </reporter-output>
        </test-method> <!-- setUp -->
        <test-method signature="verifyUserPassword()[pri:3, instance:com.TestCases.LandingPageTest@7fcf2fc1]" started-at="2022-08-20T15:28:37 EDT" name="verifyUserPassword" description="Verify User password box is displayed" finished-at="2022-08-20T15:28:37 EDT" duration-ms="84" status="PASS">
          <reporter-output>
          </reporter-output>
        </test-method> <!-- verifyUserPassword -->
        <test-method is-config="true" signature="tearDown()[pri:0, instance:com.TestCases.LandingPageTest@7fcf2fc1]" started-at="2022-08-20T15:28:37 EDT" name="tearDown" finished-at="2022-08-20T15:28:42 EDT" duration-ms="5090" status="PASS">
          <reporter-output>
          </reporter-output>
        </test-method> <!-- tearDown -->
        <test-method is-config="true" signature="setUp()[pri:0, instance:com.TestCases.LandingPageTest@7fcf2fc1]" started-at="2022-08-20T15:28:42 EDT" name="setUp" finished-at="2022-08-20T15:29:05 EDT" duration-ms="23112" status="PASS">
          <reporter-output>
          </reporter-output>
        </test-method> <!-- setUp -->
        <test-method signature="verifyLoginBtn()[pri:4, instance:com.TestCases.LandingPageTest@7fcf2fc1]" started-at="2022-08-20T15:29:05 EDT" name="verifyLoginBtn" description="Verify Login Button is displayed" finished-at="2022-08-20T15:29:06 EDT" duration-ms="78" status="PASS">
          <reporter-output>
          </reporter-output>
        </test-method> <!-- verifyLoginBtn -->
        <test-method is-config="true" signature="tearDown()[pri:0, instance:com.TestCases.LandingPageTest@7fcf2fc1]" started-at="2022-08-20T15:29:06 EDT" name="tearDown" finished-at="2022-08-20T15:29:08 EDT" duration-ms="2565" status="PASS">
          <reporter-output>
          </reporter-output>
        </test-method> <!-- tearDown -->
      </class> <!-- com.TestCases.LandingPageTest -->
      <class name="com.TestCases.FourTest">
        <test-method is-config="true" signature="setUP()[pri:0, instance:com.TestCases.FourTest@ae3540e]" started-at="2022-08-20T15:29:08 EDT" name="setUP" finished-at="2022-08-20T15:29:28 EDT" duration-ms="20102" status="PASS">
          <reporter-output>
          </reporter-output>
        </test-method> <!-- setUP -->
        <test-method signature="testFour()[pri:0, instance:com.TestCases.FourTest@ae3540e]" started-at="2022-08-20T15:29:28 EDT" name="testFour" description="This is a description for testFour" finished-at="2022-08-20T15:29:30 EDT" duration-ms="2228" status="FAIL">
          <exception class="java.lang.AssertionError">
            <message>
              <![CDATA[expected [true] but found [false]]]>
            </message>
            <full-stacktrace>
              <![CDATA[java.lang.AssertionError: expected [true] but found [false]
at org.testng.Assert.fail(Assert.java:99)
at org.testng.Assert.failNotEquals(Assert.java:1037)
at org.testng.Assert.assertTrue(Assert.java:45)
at org.testng.Assert.assertTrue(Assert.java:55)
at com.TestCases.FourTest.testFour(FourTest.java:44)
at java.base/jdk.internal.reflect.NativeMethodAccessorImpl.invoke0(Native Method)
at java.base/jdk.internal.reflect.NativeMethodAccessorImpl.invoke(NativeMethodAccessorImpl.java:62)
at java.base/jdk.internal.reflect.DelegatingMethodAccessorImpl.invoke(DelegatingMethodAccessorImpl.java:43)
at java.base/java.lang.reflect.Method.invoke(Method.java:566)
at org.testng.internal.MethodInvocationHelper.invokeMethod(MethodInvocationHelper.java:133)
at org.testng.internal.TestInvoker.invokeMethod(TestInvoker.java:598)
at org.testng.internal.TestInvoker.invokeTestMethod(TestInvoker.java:173)
at org.testng.internal.MethodRunner.runInSequence(MethodRunner.java:46)
at org.testng.internal.TestInvoker$MethodInvocationAgent.invoke(TestInvoker.java:824)
at org.testng.internal.TestInvoker.invokeTestMethods(TestInvoker.java:146)
at org.testng.internal.TestMethodWorker.invokeTestMethods(TestMethodWorker.java:146)
at org.testng.internal.TestMethodWorker.run(TestMethodWorker.java:128)
at java.base/java.util.ArrayList.forEach(ArrayList.java:1540)
at org.testng.TestRunner.privateRun(TestRunner.java:794)
at org.testng.TestRunner.run(TestRunner.java:596)
at org.testng.SuiteRunner.runTest(SuiteRunner.java:377)
at org.testng.SuiteRunner.runSequentially(SuiteRunner.java:371)
at org.testng.SuiteRunner.privateRun(SuiteRunner.java:332)
at org.testng.SuiteRunner.run(SuiteRunner.java:276)
at org.testng.SuiteRunnerWorker.runSuite(SuiteRunnerWorker.java:53)
at org.testng.SuiteRunnerWorker.run(SuiteRunnerWorker.java:96)
at org.testng.TestNG.runSuitesSequentially(TestNG.java:1212)
at org.testng.TestNG.runSuitesLocally(TestNG.java:1134)
at org.testng.TestNG.runSuites(TestNG.java:1063)
at org.testng.TestNG.run(TestNG.java:1031)
at org.testng.remote.AbstractRemoteTestNG.run(AbstractRemoteTestNG.java:115)
at org.testng.remote.RemoteTestNG.initAndRun(RemoteTestNG.java:251)
at org.testng.remote.RemoteTestNG.main(RemoteTestNG.java:77)
]]>
            </full-stacktrace>
          </exception> <!-- java.lang.AssertionError -->
          <reporter-output>
          </reporter-output>
        </test-method> <!-- testFour -->
        <test-method is-config="true" signature="tearDown()[pri:0, instance:com.TestCases.FourTest@ae3540e]" started-at="2022-08-20T15:29:31 EDT" name="tearDown" finished-at="2022-08-20T15:29:33 EDT" duration-ms="2149" status="PASS">
          <reporter-output>
          </reporter-output>
        </test-method> <!-- tearDown -->
      </class> <!-- com.TestCases.FourTest -->
    </test> <!-- CRM PRO LandingPage -->
  </suite> <!-- Free CRM PRO Automation Test Suite -->
</testng-results>
